<?xml version="1.0" encoding="UTF-8"?>
<testng-results ignored="0" total="2" passed="2" failed="0" skipped="0">
  <reporter-output>
  </reporter-output>
  <suite started-at="2024-08-23T11:41:42 IST" name="Default suite" finished-at="2024-08-23T11:41:53 IST" duration-ms="11116">
    <groups>
    </groups>
    <test started-at="2024-08-23T11:41:42 IST" name="Default test" finished-at="2024-08-23T11:41:53 IST" duration-ms="11116">
      <class name="testClases.LoginPageTest">
        <test-method is-config="true" signature="setUp()[pri:0, instance:testClases.LoginPageTest@f79a760]" started-at="2024-08-23T11:41:42 IST" name="setUp" finished-at="2024-08-23T11:41:49 IST" duration-ms="6717" status="PASS">
          <reporter-output>
          </reporter-output>
        </test-method> <!-- setUp -->
        <test-method signature="checkTitle()[pri:0, instance:testClases.LoginPageTest@f79a760]" started-at="2024-08-23T11:41:49 IST" name="checkTitle" finished-at="2024-08-23T11:41:49 IST" duration-ms="13" status="PASS">
          <reporter-output>
          </reporter-output>
        </test-method> <!-- checkTitle -->
        <test-method signature="loginWithValidCredentials()[pri:0, instance:testClases.LoginPageTest@f79a760]" started-at="2024-08-23T11:41:49 IST" name="loginWithValidCredentials" finished-at="2024-08-23T11:41:53 IST" duration-ms="4061" status="PASS">
          <reporter-output>
          </reporter-output>
        </test-method> <!-- loginWithValidCredentials -->
        <test-method is-config="true" signature="tearDown()[pri:0, instance:testClases.LoginPageTest@f79a760]" started-at="2024-08-23T11:41:53 IST" name="tearDown" finished-at="2024-08-23T11:41:53 IST" duration-ms="268" status="PASS">
          <reporter-output>
          </reporter-output>
        </test-method> <!-- tearDown -->
      </class> <!-- testClases.LoginPageTest -->
    </test> <!-- Default test -->
  </suite> <!-- Default suite -->
</testng-results>
